  [1m[35m (1405.3ms)[0m  [1m[35mCREATE DATABASE "shatta_development" ENCODING = 'unicode'[0m
  [1m[35m (229.2ms)[0m  [1m[35mCREATE DATABASE "shatta_test" ENCODING = 'unicode'[0m
  [1m[35m (158.8ms)[0m  [1m[35mCREATE TABLE "schema_migrations" ("version" character varying NOT NULL PRIMARY KEY)[0m
  [1m[35m (149.2ms)[0m  [1m[35mCREATE TABLE "ar_internal_metadata" ("key" character varying NOT NULL PRIMARY KEY, "value" character varying, "created_at" timestamp(6) NOT NULL, "updated_at" timestamp(6) NOT NULL)[0m
  [1m[35m (5.7ms)[0m  [1m[34mSELECT pg_try_advisory_lock(519104400655150800)[0m
  [1m[36mActiveRecord::SchemaMigration Load (1.6ms)[0m  [1m[34mSELECT "schema_migrations"."version" FROM "schema_migrations" ORDER BY "schema_migrations"."version" ASC[0m
  [1m[36mActiveRecord::InternalMetadata Load (1.8ms)[0m  [1m[34mSELECT * FROM "ar_internal_metadata" WHERE "ar_internal_metadata"."key" = $1 ORDER BY "ar_internal_metadata"."key" ASC LIMIT 1[0m  [[nil, "environment"]]
  [1m[36mActiveRecord::InternalMetadata Create (72.1ms)[0m  [1m[32mINSERT INTO "ar_internal_metadata" ("key", "value", "created_at", "updated_at") VALUES ('environment', 'development', '2024-03-21 08:14:58.304391', '2024-03-21 08:14:58.304400') RETURNING "key"[0m
Migrating to CreateArtists (20240321075246)
  [1m[36mTRANSACTION (0.5ms)[0m  [1m[35mBEGIN[0m
  [1m[35m (133.3ms)[0m  [1m[35mCREATE TABLE "artists" ("id" bigserial primary key, "first_name" character varying, "last_name" character varying, "email" character varying, "created_at" timestamp(6) NOT NULL, "updated_at" timestamp(6) NOT NULL)[0m
  [1m[36mActiveRecord::SchemaMigration Create (1.6ms)[0m  [1m[32mINSERT INTO "schema_migrations" ("version") VALUES ('20240321075246') RETURNING "version"[0m
  [1m[36mTRANSACTION (19.1ms)[0m  [1m[35mCOMMIT[0m
Migrating to CreateItems (20240321075336)
  [1m[36mTRANSACTION (0.5ms)[0m  [1m[35mBEGIN[0m
  [1m[35m (128.8ms)[0m  [1m[35mCREATE TABLE "items" ("id" bigserial primary key, "title" character varying, "description" text, "image_url" character varying, "artist_id" bigint NOT NULL, "created_at" timestamp(6) NOT NULL, "updated_at" timestamp(6) NOT NULL, CONSTRAINT "fk_rails_2190cda116"
FOREIGN KEY ("artist_id")
  REFERENCES "artists" ("id")
)[0m
  [1m[35m (82.4ms)[0m  [1m[35mCREATE INDEX "index_items_on_artist_id" ON "items" ("artist_id")[0m
  [1m[36mActiveRecord::SchemaMigration Create (0.9ms)[0m  [1m[32mINSERT INTO "schema_migrations" ("version") VALUES ('20240321075336') RETURNING "version"[0m
  [1m[36mTRANSACTION (18.0ms)[0m  [1m[35mCOMMIT[0m
  [1m[35m (2.1ms)[0m  [1m[34mSELECT pg_advisory_unlock(519104400655150800)[0m
  [1m[36mActiveRecord::SchemaMigration Load (0.9ms)[0m  [1m[34mSELECT "schema_migrations"."version" FROM "schema_migrations" ORDER BY "schema_migrations"."version" ASC[0m
  [1m[36mActiveRecord::SchemaMigration Load (0.7ms)[0m  [1m[34mSELECT "schema_migrations"."version" FROM "schema_migrations" ORDER BY "schema_migrations"."version" ASC[0m
  [1m[36mTRANSACTION (0.6ms)[0m  [1m[35mBEGIN[0m
  [1m[36mArtist Create (6.8ms)[0m  [1m[32mINSERT INTO "artists" ("first_name", "last_name", "email", "created_at", "updated_at") VALUES ($1, $2, $3, $4, $5) RETURNING "id"[0m  [["first_name", "Charles"], ["last_name", "Nii Armah"], ["email", "shatta.wale@1don.com"], ["created_at", "2024-03-21 08:14:59.186435"], ["updated_at", "2024-03-21 08:14:59.186435"]]
  [1m[36mTRANSACTION (21.8ms)[0m  [1m[35mCOMMIT[0m
  [1m[36mActiveRecord::SchemaMigration Load (1.6ms)[0m  [1m[34mSELECT "schema_migrations"."version" FROM "schema_migrations" ORDER BY "schema_migrations"."version" ASC[0m
  [1m[36mTRANSACTION (0.6ms)[0m  [1m[35mBEGIN[0m
  [1m[36mArtist Create (4.3ms)[0m  [1m[32mINSERT INTO "artists" ("first_name", "last_name", "email", "created_at", "updated_at") VALUES ($1, $2, $3, $4, $5) RETURNING "id"[0m  [["first_name", "Charles"], ["last_name", "Nii Armah"], ["email", "shatta.wale@1don.com"], ["created_at", "2024-03-21 08:16:27.208349"], ["updated_at", "2024-03-21 08:16:27.208349"]]
  [1m[36mTRANSACTION (22.4ms)[0m  [1m[35mCOMMIT[0m
  [1m[36mActiveRecord::SchemaMigration Load (1.6ms)[0m  [1m[34mSELECT "schema_migrations"."version" FROM "schema_migrations" ORDER BY "schema_migrations"."version" ASC[0m
  [1m[36mTRANSACTION (0.4ms)[0m  [1m[35mBEGIN[0m
  [1m[36mArtist Create (3.8ms)[0m  [1m[32mINSERT INTO "artists" ("first_name", "last_name", "email", "created_at", "updated_at") VALUES ($1, $2, $3, $4, $5) RETURNING "id"[0m  [["first_name", "Charles"], ["last_name", "Nii Armah"], ["email", "shatta.wale@1don.com"], ["created_at", "2024-03-21 08:17:11.023160"], ["updated_at", "2024-03-21 08:17:11.023160"]]
  [1m[36mTRANSACTION (23.5ms)[0m  [1m[35mCOMMIT[0m
  [1m[36mActiveRecord::SchemaMigration Load (1.4ms)[0m  [1m[34mSELECT "schema_migrations"."version" FROM "schema_migrations" ORDER BY "schema_migrations"."version" ASC[0m
  [1m[36mActiveRecord::SchemaMigration Load (1.7ms)[0m  [1m[34mSELECT "schema_migrations"."version" FROM "schema_migrations" ORDER BY "schema_migrations"."version" ASC[0m
  [1m[36mTRANSACTION (0.6ms)[0m  [1m[35mBEGIN[0m
  [1m[36mArtist Create (4.5ms)[0m  [1m[32mINSERT INTO "artists" ("first_name", "last_name", "email", "created_at", "updated_at") VALUES ($1, $2, $3, $4, $5) RETURNING "id"[0m  [["first_name", "Charles"], ["last_name", "Nii Armah"], ["email", "shatta.wale@1don.com"], ["created_at", "2024-03-21 08:18:26.828745"], ["updated_at", "2024-03-21 08:18:26.828745"]]
  [1m[36mTRANSACTION (18.7ms)[0m  [1m[35mCOMMIT[0m
  [1m[36mActiveRecord::SchemaMigration Load (2.2ms)[0m  [1m[34mSELECT "schema_migrations"."version" FROM "schema_migrations" ORDER BY "schema_migrations"."version" ASC[0m
  [1m[36mTRANSACTION (0.7ms)[0m  [1m[35mBEGIN[0m
  [1m[36mArtist Create (5.2ms)[0m  [1m[32mINSERT INTO "artists" ("first_name", "last_name", "email", "created_at", "updated_at") VALUES ($1, $2, $3, $4, $5) RETURNING "id"[0m  [["first_name", "Charles"], ["last_name", "Nii Armah"], ["email", "shatta.wale@1don.com"], ["created_at", "2024-03-21 08:20:02.637426"], ["updated_at", "2024-03-21 08:20:02.637426"]]
  [1m[36mTRANSACTION (20.2ms)[0m  [1m[35mCOMMIT[0m
  [1m[36mTRANSACTION (0.4ms)[0m  [1m[35mBEGIN[0m
  [1m[36mItem Create (6.0ms)[0m  [1m[32mINSERT INTO "items" ("title", "description", "image_url", "artist_id", "created_at", "updated_at") VALUES ($1, $2, $3, $4, $5, $6) RETURNING "id"[0m  [["title", "Already"], ["description", "The Lion King"], ["image_url", "https://images.app.goo.gl/6G6MiQzLNc6eS1sc9"], ["artist_id", 5], ["created_at", "2024-03-21 08:20:02.731741"], ["updated_at", "2024-03-21 08:20:02.731741"]]
  [1m[36mTRANSACTION (15.0ms)[0m  [1m[35mCOMMIT[0m
  [1m[36mTRANSACTION (0.4ms)[0m  [1m[35mBEGIN[0m
  [1m[36mItem Create (3.9ms)[0m  [1m[32mINSERT INTO "items" ("title", "description", "image_url", "artist_id", "created_at", "updated_at") VALUES ($1, $2, $3, $4, $5, $6) RETURNING "id"[0m  [["title", "Kakai"], ["description", "After The Storm"], ["image_url", "https://images.app.goo.gl/Xc7ZqantmPiZiTms8"], ["artist_id", 5], ["created_at", "2024-03-21 08:20:02.761982"], ["updated_at", "2024-03-21 08:20:02.761982"]]
  [1m[36mTRANSACTION (10.2ms)[0m  [1m[35mCOMMIT[0m
  [1m[36mTRANSACTION (0.4ms)[0m  [1m[35mBEGIN[0m
  [1m[36mItem Create (9.0ms)[0m  [1m[32mINSERT INTO "items" ("title", "description", "image_url", "artist_id", "created_at", "updated_at") VALUES ($1, $2, $3, $4, $5, $6) RETURNING "id"[0m  [["title", "Taking Over"], ["description", "Taking Over"], ["image_url", "https://images.app.goo.gl/ZoBsoP6rvYNNYJB39"], ["artist_id", 5], ["created_at", "2024-03-21 08:20:02.782485"], ["updated_at", "2024-03-21 08:20:02.782485"]]
  [1m[36mTRANSACTION (13.5ms)[0m  [1m[35mCOMMIT[0m
  [1m[36mArtist Load (1.4ms)[0m  [1m[34mSELECT "artists".* FROM "artists" /* loading for pp */ LIMIT $1[0m  [["LIMIT", 11]]
  [1m[36mItem Load (1.3ms)[0m  [1m[34mSELECT "items".* FROM "items" /* loading for pp */ LIMIT $1[0m  [["LIMIT", 11]]
